<?xml version="1.0" encoding="UTF-8"?>
<!-- Generated by org.testng.reporters.JUnitReportReporter -->
<testsuite skipped="0" hostname="INPBF2EB4" name="agile.projecttestcases.Login" tests="1" failures="0" timestamp="10 Sep 2019 06:57:48 GMT" time="74.736" errors="0">
  <testcase name="logintest" time="74.736" classname="agile.projecttestcases.Login"/>
</testsuite> <!-- agile.projecttestcases.Login -->
